<?xml version="1.0" encoding="UTF-8"?>
<!-- Generated by org.testng.reporters.JUnitReportReporter -->
<testsuite hostname="LAPTOP-Q0O87TP0" failures="0" tests="5" name="apps.pets.SignInTest" time="62.349" errors="0" timestamp="25 Jun 2022 06:39:47 GMT" skipped="0">
  <testcase classname="apps.pets.SignInTest" name="ValidLoginSyedLogOut" time="12.247"/>
  <testcase classname="apps.pets.SignInTest" name="InvalidLogout" time="13.993"/>
  <testcase classname="apps.pets.SignInTest" name="ValidLogout" time="11.097"/>
  <testcase classname="apps.pets.SignInTest" name="ValidLoginSyed" time="13.090"/>
  <testcase classname="apps.pets.SignInTest" name="ValidLogin" time="11.922"/>
</testsuite> <!-- apps.pets.SignInTest -->
