<?xml version="1.0" encoding="UTF-8"?>
<!-- Generated by org.testng.reporters.JUnitReportReporter -->
<testsuite hostname="LAPTOP-Q0O87TP0" failures="0" tests="3" name="apps.pets.CheckOutTest" time="87.568" errors="0" timestamp="25 Jun 2022 06:39:47 GMT" skipped="0">
  <testcase classname="apps.pets.CheckOutTest" name="CheckoutWithCardDropDown" time="44.951"/>
  <testcase classname="apps.pets.CheckOutTest" name="CheckoutWithShipToDifferentAddress" time="26.958"/>
  <testcase classname="apps.pets.CheckOutTest" name="Checkout" time="15.659"/>
</testsuite> <!-- apps.pets.CheckOutTest -->
