<?xml version="1.0" encoding="UTF-8"?>
<!-- Generated by org.testng.reporters.JUnitReportReporter -->
<testsuite hostname="LAPTOP-Q0O87TP0" failures="0" tests="20" name="apps.pets.CartTest" time="281.276" errors="0" timestamp="25 Jun 2022 06:39:47 GMT" skipped="0">
  <testcase classname="apps.pets.CartTest" name="Cart" time="7.873"/>
  <testcase classname="apps.pets.CartTest" name="LoggedinPersianCatCarted" time="14.213"/>
  <testcase classname="apps.pets.CartTest" name="UpdatePersianCatQty" time="11.470"/>
  <testcase classname="apps.pets.CartTest" name="PersianCatCarted" time="14.751"/>
  <testcase classname="apps.pets.CartTest" name="BullDogCarted" time="11.312"/>
  <testcase classname="apps.pets.CartTest" name="RemoveVenomlessSnakeQty" time="22.495"/>
  <testcase classname="apps.pets.CartTest" name="TigerSharkCarted" time="11.386"/>
  <testcase classname="apps.pets.CartTest" name="removeBulldogCart" time="22.405"/>
  <testcase classname="apps.pets.CartTest" name="removeSharkFromCart" time="13.036"/>
  <testcase classname="apps.pets.CartTest" name="LoggedinBullDogCarted" time="10.539"/>
  <testcase classname="apps.pets.CartTest" name="removePersianCatCart" time="13.819"/>
  <testcase classname="apps.pets.CartTest" name="LoggedinSharkCart" time="14.058"/>
  <testcase classname="apps.pets.CartTest" name="UpdateMaleBullDogQty" time="15.119"/>
  <testcase classname="apps.pets.CartTest" name="RattleSnakeCarted" time="12.817"/>
  <testcase classname="apps.pets.CartTest" name="LoggedinRattleSnakeCarted" time="15.093"/>
  <testcase classname="apps.pets.CartTest" name="ParrotCarted" time="10.591"/>
  <testcase classname="apps.pets.CartTest" name="UpdateParrotQtyCart" time="20.969"/>
  <testcase classname="apps.pets.CartTest" name="UpdateVenomlessSnakeQty" time="10.440"/>
  <testcase classname="apps.pets.CartTest" name="LoggedinParrotCart" time="15.453"/>
  <testcase classname="apps.pets.CartTest" name="UpdateSharkQtyCart" time="13.437"/>
</testsuite> <!-- apps.pets.CartTest -->
