<?xml version="1.0" encoding="UTF-8"?>
<!-- Generated by org.testng.reporters.JUnitReportReporter -->
<testsuite hostname="LAPTOP-Q0O87TP0" failures="0" tests="7" name="apps.pets.AccountsTest" time="120.506" errors="0" timestamp="25 Jun 2022 06:39:47 GMT" skipped="0">
  <testcase classname="apps.pets.AccountsTest" name="FavoriteCategoryBirds" time="16.000"/>
  <testcase classname="apps.pets.AccountsTest" name="FavoriteCategoryReptiles" time="15.257"/>
  <testcase classname="apps.pets.AccountsTest" name="FavoriteCategoryDog" time="11.129"/>
  <testcase classname="apps.pets.AccountsTest" name="UpdateAccountPhoneNumber" time="36.130"/>
  <testcase classname="apps.pets.AccountsTest" name="FavoriteCategoryCat" time="16.825"/>
  <testcase classname="apps.pets.AccountsTest" name="FavoriteCategoryFish" time="12.237"/>
  <testcase classname="apps.pets.AccountsTest" name="UpdatepassWord" time="12.928"/>
</testsuite> <!-- apps.pets.AccountsTest -->
