<?xml version="1.0" encoding="UTF-8"?>
<!-- Generated by org.testng.reporters.JUnitReportReporter -->
<testsuite hostname="LAPTOP-Q0O87TP0" failures="0" tests="10" name="apps.pets.DogsTest" time="132.365" errors="0" timestamp="25 Jun 2022 06:39:47 GMT" skipped="0">
  <testcase classname="apps.pets.DogsTest" name="FemalePuppyBulldogDesc" time="16.074"/>
  <testcase classname="apps.pets.DogsTest" name="AdultFemaleLabradorRetrieverDesc" time="21.040"/>
  <testcase classname="apps.pets.DogsTest" name="GoldenRetrieverDesc" time="10.250"/>
  <testcase classname="apps.pets.DogsTest" name="AdultFemaleChihuahuaDesc" time="15.965"/>
  <testcase classname="apps.pets.DogsTest" name="MaleAdultBulldogDesc" time="15.197"/>
  <testcase classname="apps.pets.DogsTest" name="PoodleDesc" time="10.018"/>
  <testcase classname="apps.pets.DogsTest" name="SpottedDalmationDesc" time="9.244"/>
  <testcase classname="apps.pets.DogsTest" name="AdultMaleLabradorRetrieverDesc" time="10.143"/>
  <testcase classname="apps.pets.DogsTest" name="AdultMaleChihuahuaDesc" time="13.080"/>
  <testcase classname="apps.pets.DogsTest" name="SpotlessDalmationDesc" time="11.354"/>
</testsuite> <!-- apps.pets.DogsTest -->
