<?xml version="1.0" encoding="UTF-8"?>
<!-- Generated by org.testng.reporters.JUnitReportReporter -->
<testsuite hostname="LAPTOP-Q0O87TP0" failures="0" tests="4" name="apps.pets.CatsTest" time="50.434" errors="0" timestamp="25 Jun 2022 06:39:47 GMT" skipped="0">
  <testcase classname="apps.pets.CatsTest" name="FemalePersianCatDesc" time="13.716"/>
  <testcase classname="apps.pets.CatsTest" name="WithTailManxCatDesc" time="15.982"/>
  <testcase classname="apps.pets.CatsTest" name="MalePersianCatDesc" time="9.099"/>
  <testcase classname="apps.pets.CatsTest" name="TailessManxCatDesc" time="11.637"/>
</testsuite> <!-- apps.pets.CatsTest -->
