<?xml version="1.0" encoding="UTF-8"?>
<!-- Generated by org.testng.reporters.JUnitReportReporter -->
<testsuite hostname="LAPTOP-Q0O87TP0" failures="0" tests="2" name="apps.pets.BirdsTest" time="29.289" errors="0" timestamp="25 Jun 2022 06:39:47 GMT" skipped="0">
  <testcase classname="apps.pets.BirdsTest" name="FinchDesc" time="17.713"/>
  <testcase classname="apps.pets.BirdsTest" name="AmazonParrotDesc" time="11.576"/>
</testsuite> <!-- apps.pets.BirdsTest -->
