<?xml version="1.0" encoding="UTF-8"?>
<!-- Generated by org.testng.reporters.JUnitReportReporter -->
<testsuite hostname="LAPTOP-Q0O87TP0" failures="0" tests="2" name="apps.pets.BlogTest" time="40.338" errors="0" timestamp="25 Jun 2022 06:39:47 GMT" skipped="0">
  <testcase classname="apps.pets.BlogTest" name="Release" time="17.104"/>
  <testcase classname="apps.pets.BlogTest" name="newtab" time="23.234"/>
</testsuite> <!-- apps.pets.BlogTest -->
