<?xml version="1.0" encoding="UTF-8"?>
<!-- Generated by org.testng.reporters.JUnitReportReporter -->
<testsuite hostname="LAPTOP-Q0O87TP0" failures="0" tests="3" name="apps.pets.ReptilesTest" time="44.760" errors="0" timestamp="25 Jun 2022 06:39:47 GMT" skipped="0">
  <testcase classname="apps.pets.ReptilesTest" name="VenomlessRattlesnakeDesc" time="19.889"/>
  <testcase classname="apps.pets.ReptilesTest" name="RattlelessRattlesnakeDesc" time="15.994"/>
  <testcase classname="apps.pets.ReptilesTest" name="GreenIguanaDesc" time="8.877"/>
</testsuite> <!-- apps.pets.ReptilesTest -->
