<?xml version="1.0" encoding="UTF-8"?>
<!-- Generated by org.testng.reporters.JUnitReportReporter -->
<testsuite hostname="LAPTOP-Q0O87TP0" failures="0" tests="1" name="apps.pets.SearchTest" time="51.085" errors="0" timestamp="25 Jun 2022 17:40:48 GMT" skipped="0">
  <testcase classname="apps.pets.SearchTest" name="searchMultiplePetsWithExcel" time="51.085"/>
</testsuite> <!-- apps.pets.SearchTest -->
