<?xml version="1.0" encoding="UTF-8"?>
<!-- Generated by org.testng.reporters.JUnitReportReporter -->
<testsuite hostname="LAPTOP-Q0O87TP0" failures="0" tests="7" name="apps.pets.FishTest" time="104.995" errors="0" timestamp="25 Jun 2022 06:39:47 GMT" skipped="0">
  <testcase classname="apps.pets.FishTest" name="MaleGoldFishDesc" time="30.448"/>
  <testcase classname="apps.pets.FishTest" name="smallAngelfishDesc" time="12.606"/>
  <testcase classname="apps.pets.FishTest" name="SpottedKoiDesc" time="11.625"/>
  <testcase classname="apps.pets.FishTest" name="FemaleGoldFishDesc" time="15.144"/>
  <testcase classname="apps.pets.FishTest" name="SharkDesc" time="9.568"/>
  <testcase classname="apps.pets.FishTest" name="largeAngelfishDesc" time="11.377"/>
  <testcase classname="apps.pets.FishTest" name="NonSpottedKoiDesc" time="14.227"/>
</testsuite> <!-- apps.pets.FishTest -->
