<?xml version="1.0" encoding="UTF-8"?>
<!-- Generated by org.testng.reporters.JUnitReportReporter -->
<testsuite hostname="LAPTOP-Q0O87TP0" failures="0" tests="3" name="apps.pets.RegisterTest" time="50.002" errors="0" timestamp="25 Jun 2022 06:39:47 GMT" skipped="0">
  <testcase classname="apps.pets.RegisterTest" name="InvalidRegisterAccount" time="13.119"/>
  <testcase classname="apps.pets.RegisterTest" name="Create2ndAccount" time="21.448"/>
  <testcase classname="apps.pets.RegisterTest" name="RegisterAnAccount" time="15.435"/>
</testsuite> <!-- apps.pets.RegisterTest -->
