<?xml version="1.0" encoding="UTF-8"?>
<!-- Generated by org.testng.reporters.JUnitReportReporter -->
<testsuite hostname="LAPTOP-Q0O87TP0" failures="0" tests="9" name="apps.pets.OrdersTest" time="142.115" errors="0" timestamp="25 Jun 2022 06:39:47 GMT" skipped="0">
  <testcase classname="apps.pets.OrdersTest" name="Order219319" time="12.968"/>
  <testcase classname="apps.pets.OrdersTest" name="Order219350" time="17.275"/>
  <testcase classname="apps.pets.OrdersTest" name="Order9072" time="22.128"/>
  <testcase classname="apps.pets.OrdersTest" name="Order9073" time="16.621"/>
  <testcase classname="apps.pets.OrdersTest" name="Order9078" time="11.269"/>
  <testcase classname="apps.pets.OrdersTest" name="Order87422" time="13.407"/>
  <testcase classname="apps.pets.OrdersTest" name="Order9079" time="15.409"/>
  <testcase classname="apps.pets.OrdersTest" name="Order9074" time="21.039"/>
  <testcase classname="apps.pets.OrdersTest" name="Order85940" time="11.999"/>
</testsuite> <!-- apps.pets.OrdersTest -->
